<?xml version="1.0" encoding="UTF-8"?>
<!-- Generated by org.testng.reporters.JUnitXMLReporter -->
<testsuite hostname="Shyam" ignored="0" name="Default test" tests="6" failures="0" timestamp="05 Apr 2020 09:23:00 GMT" time="177.248" errors="0">
  <testcase name="verifyContactsLabelTest" time="2.179" classname="com.crm.qa.testcases.ContactsPageTest"/>
  <testcase name="selectSingleContactNameTest" time="1.369" classname="com.crm.qa.testcases.ContactsPageTest"/>
  <testcase name="selectMultipleContactNameTest" time="4.46" classname="com.crm.qa.testcases.ContactsPageTest"/>
  <testcase name="validateCreateNewContact" time="3.237" classname="com.crm.qa.testcases.ContactsPageTest"/>
  <testcase name="validateCreateNewContact" time="2.83" classname="com.crm.qa.testcases.ContactsPageTest"/>
  <testcase name="validateCreateNewContact" time="2.628" classname="com.crm.qa.testcases.ContactsPageTest"/>
</testsuite> <!-- Default test -->
